[debug] [2025-03-20T04:44:16.882Z] [Firebase Plugin] Activating Firebase extension.
[info] [Firebase Plugin] Unable to check firebase-tools installation: TypeError: fetch failed
[debug] [2025-03-20T04:44:18.189Z] [Firebase Plugin] VSCode notification server listening on port 40001
[info] [Firebase Plugin] Starting Data Connect toolkit (version 1.8.5) on port 50001
[debug] [2025-03-20T04:44:32.299Z] Ignoring unsupported arg: auto_download {"metadata":{"emulator":{"name":"dataconnect"},"message":"Ignoring unsupported arg: auto_download"}}
[debug] [2025-03-20T04:44:32.301Z] Ignoring unsupported arg: port {"metadata":{"emulator":{"name":"dataconnect"},"message":"Ignoring unsupported arg: port"}}
[debug] [2025-03-20T04:44:32.311Z] Starting Data Connect Emulator with command {"binary":"C:\\Users\\KefoxNwoko-RTNG\\.cache\\firebase\\emulators\\dataconnect-emulator-1.8.5.exe","args":["--logtostderr","-v=2","dev","--listen=localhost:50001","--config_dir=c:\\DUMP\\Projects\\EazyLetsProject\\dataconnect","--enable_output_schema_extensions=true","--enable_output_generated_sdk=true"],"optionalArgs":["listen","config_dir","enable_output_schema_extensions","enable_output_generated_sdk"],"joinArgs":true,"shell":false,"port":9399} {"metadata":{"emulator":{"name":"dataconnect"},"message":"Starting Data Connect Emulator with command {\"binary\":\"C:\\\\Users\\\\KefoxNwoko-RTNG\\\\.cache\\\\firebase\\\\emulators\\\\dataconnect-emulator-1.8.5.exe\",\"args\":[\"--logtostderr\",\"-v=2\",\"dev\",\"--listen=localhost:50001\",\"--config_dir=c:\\\\DUMP\\\\Projects\\\\EazyLetsProject\\\\dataconnect\",\"--enable_output_schema_extensions=true\",\"--enable_output_generated_sdk=true\"],\"optionalArgs\":[\"listen\",\"config_dir\",\"enable_output_schema_extensions\",\"enable_output_generated_sdk\"],\"joinArgs\":true,\"shell\":false,\"port\":9399}"}}
[info] i  dataconnect: Data Connect Emulator logging to dataconnect-debug.log {"metadata":{"emulator":{"name":"dataconnect"},"message":"Data Connect Emulator logging to \u001b[1mdataconnect-debug.log\u001b[22m"}}
[debug] [2025-03-20T04:44:33.812Z] I0320 05:44:33.058981   29396 load.go:37] Reloading schema and connectors...
E0320 05:44:33.062381   29396 load.go:69] Could not generate extensions: rpc error: code = NotFound desc = no schema found for service "eazyletsproject". No service has a schema.
E0320 05:44:33.062381   29396 load.go:79] Could not load sources: <nil>
I0320 05:44:33.064142   29396 collector.go:107] schema extensions wrote into "c:\\DUMP\\Projects\\EazyLetsProject\\dataconnect\\.dataconnect\\schema"
Generated sources: prelude.gql [67020B] 
I0320 05:44:33.064142   29396 load.go:80] Finished reloading
I0320 05:44:33.095209   29396 dev.go:95] Listening on address (HTTP + gRPC): 127.0.0.1:50001
 {"metadata":{"emulator":{"name":"dataconnect"},"message":"I0320 05:44:33.058981   29396 load.go:37] Reloading schema and connectors...\nE0320 05:44:33.062381   29396 load.go:69] Could not generate extensions: rpc error: code = NotFound desc = no schema found for service \"eazyletsproject\". No service has a schema.\nE0320 05:44:33.062381   29396 load.go:79] Could not load sources: <nil>\nI0320 05:44:33.064142   29396 collector.go:107] schema extensions wrote into \"c:\\\\DUMP\\\\Projects\\\\EazyLetsProject\\\\dataconnect\\\\.dataconnect\\\\schema\"\nGenerated sources: prelude.gql [67020B] \nI0320 05:44:33.064142   29396 load.go:80] Finished reloading\nI0320 05:44:33.095209   29396 dev.go:95] Listening on address (HTTP + gRPC): 127.0.0.1:50001\n"}}
[error] [Firebase Plugin] error:  {}
[debug] [2025-03-21T08:55:07.580Z] [Firebase Plugin] Activating Firebase extension.
[debug] [2025-03-21T08:55:09.733Z] [Firebase Plugin] VSCode notification server listening on port 40001
[info] [Firebase Plugin] Starting Data Connect toolkit (version 1.8.5) on port 50001
[debug] [2025-03-21T08:55:19.348Z] Ignoring unsupported arg: auto_download {"metadata":{"emulator":{"name":"dataconnect"},"message":"Ignoring unsupported arg: auto_download"}}
[debug] [2025-03-21T08:55:19.349Z] Ignoring unsupported arg: port {"metadata":{"emulator":{"name":"dataconnect"},"message":"Ignoring unsupported arg: port"}}
[debug] [2025-03-21T08:55:19.349Z] Starting Data Connect Emulator with command {"binary":"C:\\Users\\KefoxNwoko-RTNG\\.cache\\firebase\\emulators\\dataconnect-emulator-1.8.5.exe","args":["--logtostderr","-v=2","dev","--listen=localhost:50001","--config_dir=c:\\DUMP\\Projects\\EazyLetsProject\\dataconnect","--enable_output_schema_extensions=true","--enable_output_generated_sdk=true"],"optionalArgs":["listen","config_dir","enable_output_schema_extensions","enable_output_generated_sdk"],"joinArgs":true,"shell":false,"port":9399} {"metadata":{"emulator":{"name":"dataconnect"},"message":"Starting Data Connect Emulator with command {\"binary\":\"C:\\\\Users\\\\KefoxNwoko-RTNG\\\\.cache\\\\firebase\\\\emulators\\\\dataconnect-emulator-1.8.5.exe\",\"args\":[\"--logtostderr\",\"-v=2\",\"dev\",\"--listen=localhost:50001\",\"--config_dir=c:\\\\DUMP\\\\Projects\\\\EazyLetsProject\\\\dataconnect\",\"--enable_output_schema_extensions=true\",\"--enable_output_generated_sdk=true\"],\"optionalArgs\":[\"listen\",\"config_dir\",\"enable_output_schema_extensions\",\"enable_output_generated_sdk\"],\"joinArgs\":true,\"shell\":false,\"port\":9399}"}}
[info] i  dataconnect: Data Connect Emulator logging to dataconnect-debug.log {"metadata":{"emulator":{"name":"dataconnect"},"message":"Data Connect Emulator logging to \u001b[1mdataconnect-debug.log\u001b[22m"}}
[debug] [2025-03-21T08:55:19.513Z] I0321 09:55:19.389372    5512 load.go:37] Reloading schema and connectors...
E0321 09:55:19.392086    5512 load.go:69] Could not generate extensions: rpc error: code = NotFound desc = no schema found for service "eazyletsproject". No service has a schema.
E0321 09:55:19.392086    5512 load.go:79] Could not load sources: <nil>
I0321 09:55:19.393180    5512 collector.go:107] schema extensions wrote into "c:\\DUMP\\Projects\\EazyLetsProject\\dataconnect\\.dataconnect\\schema"
Generated sources: prelude.gql [67020B] 
I0321 09:55:19.393180    5512 load.go:80] Finished reloading
I0321 09:55:19.408432    5512 dev.go:95] Listening on address (HTTP + gRPC): 127.0.0.1:50001
 {"metadata":{"emulator":{"name":"dataconnect"},"message":"I0321 09:55:19.389372    5512 load.go:37] Reloading schema and connectors...\nE0321 09:55:19.392086    5512 load.go:69] Could not generate extensions: rpc error: code = NotFound desc = no schema found for service \"eazyletsproject\". No service has a schema.\nE0321 09:55:19.392086    5512 load.go:79] Could not load sources: <nil>\nI0321 09:55:19.393180    5512 collector.go:107] schema extensions wrote into \"c:\\\\DUMP\\\\Projects\\\\EazyLetsProject\\\\dataconnect\\\\.dataconnect\\\\schema\"\nGenerated sources: prelude.gql [67020B] \nI0321 09:55:19.393180    5512 load.go:80] Finished reloading\nI0321 09:55:19.408432    5512 dev.go:95] Listening on address (HTTP + gRPC): 127.0.0.1:50001\n"}}
[error] [Firebase Plugin] error:  {}
[debug] [2025-03-21T13:18:02.690Z] [Firebase Plugin] Value of process.env.MONOSPACE_ENV: undefined
[debug] [2025-03-21T13:18:02.694Z] [Firebase Plugin] requireAuthWrapper
[debug] [2025-03-21T13:18:02.738Z] > command requires scopes: ["email","openid","https://www.googleapis.com/auth/cloudplatformprojects.readonly","https://www.googleapis.com/auth/firebase","https://www.googleapis.com/auth/cloud-platform"]
[debug] [2025-03-21T13:18:02.740Z] > authorizing via signed-in user (kefox.nwoko@gmail.com)
[debug] [2025-03-21T13:18:02.744Z] Checked if tokens are valid: false, expires at: 1742005118493
[debug] [2025-03-21T13:18:02.745Z] Checked if tokens are valid: false, expires at: 1742005118493
[debug] [2025-03-21T13:18:02.746Z] > refreshing access token with scopes: []
[debug] [2025-03-21T13:18:02.753Z] >>> [apiv2][query] POST https://www.googleapis.com/oauth2/v3/token [none]
[debug] [2025-03-21T13:18:02.753Z] >>> [apiv2][body] POST https://www.googleapis.com/oauth2/v3/token [omitted]
[debug] [2025-03-21T13:18:02.768Z] [Firebase Plugin] Value of process.env.MONOSPACE_ENV: undefined
[debug] [2025-03-21T13:18:02.769Z] [Firebase Plugin] requireAuthWrapper
[debug] [2025-03-21T13:18:02.772Z] > command requires scopes: ["email","openid","https://www.googleapis.com/auth/cloudplatformprojects.readonly","https://www.googleapis.com/auth/firebase","https://www.googleapis.com/auth/cloud-platform"]
[debug] [2025-03-21T13:18:02.773Z] > authorizing via signed-in user (kefox.nwoko@gmail.com)
[debug] [2025-03-21T13:18:02.774Z] Checked if tokens are valid: false, expires at: 1742005118493
[debug] [2025-03-21T13:18:02.774Z] Checked if tokens are valid: false, expires at: 1742005118493
[debug] [2025-03-21T13:18:02.775Z] > refreshing access token with scopes: []
[debug] [2025-03-21T13:18:02.776Z] >>> [apiv2][query] POST https://www.googleapis.com/oauth2/v3/token [none]
[debug] [2025-03-21T13:18:02.777Z] >>> [apiv2][body] POST https://www.googleapis.com/oauth2/v3/token [omitted]
[debug] [2025-03-21T13:18:02.812Z] >>> [apiv2][query] GET http://127.0.0.1:4400/emulators [none]
[debug] [2025-03-21T13:18:02.858Z] *** [apiv2] error from fetch(http://127.0.0.1:4400/emulators, {"headers":{},"method":"GET"}): FetchError: request to http://127.0.0.1:4400/emulators failed, reason: connect ECONNREFUSED 127.0.0.1:4400
[debug] [2025-03-21T13:18:02.859Z] >>> [apiv2][query] GET http://[::1]:4400/emulators [none]
[debug] [2025-03-21T13:18:02.891Z] *** [apiv2] error from fetch(http://[::1]:4400/emulators, {"headers":{},"method":"GET"}): FetchError: request to http://[::1]:4400/emulators failed, reason: connect ECONNREFUSED ::1:4400
[debug] [2025-03-21T13:18:03.440Z] <<< [apiv2][status] POST https://www.googleapis.com/oauth2/v3/token 200
[debug] [2025-03-21T13:18:03.441Z] <<< [apiv2][body] POST https://www.googleapis.com/oauth2/v3/token [omitted]
[debug] [2025-03-21T13:18:03.506Z] [Firebase Plugin] User found:  kefox.nwoko@gmail.com
[info] [Firebase Plugin] (Core:Project) New user detected, fetching projects
[debug] [2025-03-21T13:18:03.512Z] Checked if tokens are valid: true, expires at: 1742566682442
[debug] [2025-03-21T13:18:03.518Z] >>> [apiv2][query] GET https://firebase.googleapis.com/v1beta1/projects pageSize=1000
[debug] [2025-03-21T13:18:03.530Z] <<< [apiv2][status] POST https://www.googleapis.com/oauth2/v3/token 200
[debug] [2025-03-21T13:18:03.530Z] <<< [apiv2][body] POST https://www.googleapis.com/oauth2/v3/token [omitted]
[debug] [2025-03-21T13:18:03.596Z] [Firebase Plugin] User found:  kefox.nwoko@gmail.com
[info] [Firebase Plugin] (Core:Project) New user detected, fetching projects
[debug] [2025-03-21T13:18:03.600Z] Checked if tokens are valid: true, expires at: 1742566682531
[debug] [2025-03-21T13:18:03.601Z] >>> [apiv2][query] GET https://firebase.googleapis.com/v1beta1/projects pageSize=1000
[debug] [2025-03-21T13:18:04.914Z] <<< [apiv2][status] GET https://firebase.googleapis.com/v1beta1/projects 200
[debug] [2025-03-21T13:18:04.915Z] <<< [apiv2][body] GET https://firebase.googleapis.com/v1beta1/projects [omitted]
[debug] [2025-03-21T13:18:06.638Z] <<< [apiv2][status] GET https://firebase.googleapis.com/v1beta1/projects 200
[debug] [2025-03-21T13:18:06.639Z] <<< [apiv2][body] GET https://firebase.googleapis.com/v1beta1/projects [omitted]
[info] [Firebase Plugin] Stopping Data Connect toolkit
[warn] !  Data Connect Emulator has exited upon receiving signal: SIGINT 
[debug] [2025-03-21T17:27:03.425Z] [Firebase Plugin] Activating Firebase extension.
[debug] [2025-03-21T17:27:05.780Z] [Firebase Plugin] VSCode notification server listening on port 40001
[info] [Firebase Plugin] Starting Data Connect toolkit (version 1.8.5) on port 50001
[debug] [2025-03-21T17:27:14.338Z] Ignoring unsupported arg: auto_download {"metadata":{"emulator":{"name":"dataconnect"},"message":"Ignoring unsupported arg: auto_download"}}
[debug] [2025-03-21T17:27:14.338Z] Ignoring unsupported arg: port {"metadata":{"emulator":{"name":"dataconnect"},"message":"Ignoring unsupported arg: port"}}
[debug] [2025-03-21T17:27:14.339Z] Starting Data Connect Emulator with command {"binary":"C:\\Users\\KefoxNwoko-RTNG\\.cache\\firebase\\emulators\\dataconnect-emulator-1.8.5.exe","args":["--logtostderr","-v=2","dev","--listen=localhost:50001","--config_dir=c:\\DUMP\\Projects\\EazyLetsProject\\dataconnect","--enable_output_schema_extensions=true","--enable_output_generated_sdk=true"],"optionalArgs":["listen","config_dir","enable_output_schema_extensions","enable_output_generated_sdk"],"joinArgs":true,"shell":false,"port":9399} {"metadata":{"emulator":{"name":"dataconnect"},"message":"Starting Data Connect Emulator with command {\"binary\":\"C:\\\\Users\\\\KefoxNwoko-RTNG\\\\.cache\\\\firebase\\\\emulators\\\\dataconnect-emulator-1.8.5.exe\",\"args\":[\"--logtostderr\",\"-v=2\",\"dev\",\"--listen=localhost:50001\",\"--config_dir=c:\\\\DUMP\\\\Projects\\\\EazyLetsProject\\\\dataconnect\",\"--enable_output_schema_extensions=true\",\"--enable_output_generated_sdk=true\"],\"optionalArgs\":[\"listen\",\"config_dir\",\"enable_output_schema_extensions\",\"enable_output_generated_sdk\"],\"joinArgs\":true,\"shell\":false,\"port\":9399}"}}
[info] i  dataconnect: Data Connect Emulator logging to dataconnect-debug.log {"metadata":{"emulator":{"name":"dataconnect"},"message":"Data Connect Emulator logging to \u001b[1mdataconnect-debug.log\u001b[22m"}}
[debug] [2025-03-21T17:27:14.508Z] I0321 18:27:14.377024   26744 load.go:37] Reloading schema and connectors...
E0321 18:27:14.379455   26744 load.go:69] Could not generate extensions: rpc error: code = NotFound desc = no schema found for service "eazyletsproject". No service has a schema.
E0321 18:27:14.379455   26744 load.go:79] Could not load sources: <nil>
I0321 18:27:14.381152   26744 collector.go:107] schema extensions wrote into "c:\\DUMP\\Projects\\EazyLetsProject\\dataconnect\\.dataconnect\\schema"
Generated sources: prelude.gql [67020B] 
I0321 18:27:14.381152   26744 load.go:80] Finished reloading
I0321 18:27:14.393117   26744 dev.go:95] Listening on address (HTTP + gRPC): 127.0.0.1:50001
 {"metadata":{"emulator":{"name":"dataconnect"},"message":"I0321 18:27:14.377024   26744 load.go:37] Reloading schema and connectors...\nE0321 18:27:14.379455   26744 load.go:69] Could not generate extensions: rpc error: code = NotFound desc = no schema found for service \"eazyletsproject\". No service has a schema.\nE0321 18:27:14.379455   26744 load.go:79] Could not load sources: <nil>\nI0321 18:27:14.381152   26744 collector.go:107] schema extensions wrote into \"c:\\\\DUMP\\\\Projects\\\\EazyLetsProject\\\\dataconnect\\\\.dataconnect\\\\schema\"\nGenerated sources: prelude.gql [67020B] \nI0321 18:27:14.381152   26744 load.go:80] Finished reloading\nI0321 18:27:14.393117   26744 dev.go:95] Listening on address (HTTP + gRPC): 127.0.0.1:50001\n"}}
[error] [Firebase Plugin] error:  {}
[info] [Firebase Plugin] Stopping Data Connect toolkit
[warn] !  Data Connect Emulator has exited upon receiving signal: SIGINT 
[debug] [2025-03-22T05:56:34.539Z] [Firebase Plugin] Activating Firebase extension.
[info] [Firebase Plugin] Unable to check firebase-tools installation: TypeError: fetch failed
[debug] [2025-03-22T05:56:34.972Z] [Firebase Plugin] VSCode notification server listening on port 40001
[info] [Firebase Plugin] Starting Data Connect toolkit (version 1.8.5) on port 50001
[debug] [2025-03-22T05:56:41.060Z] Ignoring unsupported arg: auto_download {"metadata":{"emulator":{"name":"dataconnect"},"message":"Ignoring unsupported arg: auto_download"}}
[debug] [2025-03-22T05:56:41.060Z] Ignoring unsupported arg: port {"metadata":{"emulator":{"name":"dataconnect"},"message":"Ignoring unsupported arg: port"}}
[debug] [2025-03-22T05:56:41.060Z] Starting Data Connect Emulator with command {"binary":"C:\\Users\\KefoxNwoko-RTNG\\.cache\\firebase\\emulators\\dataconnect-emulator-1.8.5.exe","args":["--logtostderr","-v=2","dev","--listen=localhost:50001","--config_dir=c:\\DUMP\\Projects\\EazyLetsProject\\dataconnect","--enable_output_schema_extensions=true","--enable_output_generated_sdk=true"],"optionalArgs":["listen","config_dir","enable_output_schema_extensions","enable_output_generated_sdk"],"joinArgs":true,"shell":false,"port":9399} {"metadata":{"emulator":{"name":"dataconnect"},"message":"Starting Data Connect Emulator with command {\"binary\":\"C:\\\\Users\\\\KefoxNwoko-RTNG\\\\.cache\\\\firebase\\\\emulators\\\\dataconnect-emulator-1.8.5.exe\",\"args\":[\"--logtostderr\",\"-v=2\",\"dev\",\"--listen=localhost:50001\",\"--config_dir=c:\\\\DUMP\\\\Projects\\\\EazyLetsProject\\\\dataconnect\",\"--enable_output_schema_extensions=true\",\"--enable_output_generated_sdk=true\"],\"optionalArgs\":[\"listen\",\"config_dir\",\"enable_output_schema_extensions\",\"enable_output_generated_sdk\"],\"joinArgs\":true,\"shell\":false,\"port\":9399}"}}
[info] i  dataconnect: Data Connect Emulator logging to dataconnect-debug.log {"metadata":{"emulator":{"name":"dataconnect"},"message":"Data Connect Emulator logging to \u001b[1mdataconnect-debug.log\u001b[22m"}}
[debug] [2025-03-22T05:56:42.591Z] I0322 06:56:41.117520   10512 load.go:37] Reloading schema and connectors...
E0322 06:56:41.124834   10512 load.go:69] Could not generate extensions: rpc error: code = NotFound desc = no schema found for service "eazyletsproject". No service has a schema.
E0322 06:56:41.124834   10512 load.go:79] Could not load sources: <nil>
I0322 06:56:41.127002   10512 collector.go:107] schema extensions wrote into "c:\\DUMP\\Projects\\EazyLetsProject\\dataconnect\\.dataconnect\\schema"
Generated sources: prelude.gql [67020B] 
I0322 06:56:41.127002   10512 load.go:80] Finished reloading
I0322 06:56:41.150971   10512 dev.go:95] Listening on address (HTTP + gRPC): 127.0.0.1:50001
 {"metadata":{"emulator":{"name":"dataconnect"},"message":"I0322 06:56:41.117520   10512 load.go:37] Reloading schema and connectors...\nE0322 06:56:41.124834   10512 load.go:69] Could not generate extensions: rpc error: code = NotFound desc = no schema found for service \"eazyletsproject\". No service has a schema.\nE0322 06:56:41.124834   10512 load.go:79] Could not load sources: <nil>\nI0322 06:56:41.127002   10512 collector.go:107] schema extensions wrote into \"c:\\\\DUMP\\\\Projects\\\\EazyLetsProject\\\\dataconnect\\\\.dataconnect\\\\schema\"\nGenerated sources: prelude.gql [67020B] \nI0322 06:56:41.127002   10512 load.go:80] Finished reloading\nI0322 06:56:41.150971   10512 dev.go:95] Listening on address (HTTP + gRPC): 127.0.0.1:50001\n"}}
[error] [Firebase Plugin] error:  {}
[info] [Firebase Plugin] Stopping Data Connect toolkit
[warn] !  Data Connect Emulator has exited upon receiving signal: SIGINT 
[debug] [2025-03-22T18:04:10.552Z] [Firebase Plugin] Activating Firebase extension.
[info] [Firebase Plugin] Unable to check firebase-tools installation: TypeError: fetch failed
[debug] [2025-03-22T18:04:11.879Z] [Firebase Plugin] VSCode notification server listening on port 40001
[info] [Firebase Plugin] Starting Data Connect toolkit (version 1.8.5) on port 50001
[debug] [2025-03-22T18:04:22.688Z] Ignoring unsupported arg: auto_download {"metadata":{"emulator":{"name":"dataconnect"},"message":"Ignoring unsupported arg: auto_download"}}
[debug] [2025-03-22T18:04:22.689Z] Ignoring unsupported arg: port {"metadata":{"emulator":{"name":"dataconnect"},"message":"Ignoring unsupported arg: port"}}
[debug] [2025-03-22T18:04:22.689Z] Starting Data Connect Emulator with command {"binary":"C:\\Users\\KefoxNwoko-RTNG\\.cache\\firebase\\emulators\\dataconnect-emulator-1.8.5.exe","args":["--logtostderr","-v=2","dev","--listen=localhost:50001","--config_dir=c:\\DUMP\\Projects\\EazyLetsProject\\dataconnect","--enable_output_schema_extensions=true","--enable_output_generated_sdk=true"],"optionalArgs":["listen","config_dir","enable_output_schema_extensions","enable_output_generated_sdk"],"joinArgs":true,"shell":false,"port":9399} {"metadata":{"emulator":{"name":"dataconnect"},"message":"Starting Data Connect Emulator with command {\"binary\":\"C:\\\\Users\\\\KefoxNwoko-RTNG\\\\.cache\\\\firebase\\\\emulators\\\\dataconnect-emulator-1.8.5.exe\",\"args\":[\"--logtostderr\",\"-v=2\",\"dev\",\"--listen=localhost:50001\",\"--config_dir=c:\\\\DUMP\\\\Projects\\\\EazyLetsProject\\\\dataconnect\",\"--enable_output_schema_extensions=true\",\"--enable_output_generated_sdk=true\"],\"optionalArgs\":[\"listen\",\"config_dir\",\"enable_output_schema_extensions\",\"enable_output_generated_sdk\"],\"joinArgs\":true,\"shell\":false,\"port\":9399}"}}
[info] i  dataconnect: Data Connect Emulator logging to dataconnect-debug.log {"metadata":{"emulator":{"name":"dataconnect"},"message":"Data Connect Emulator logging to \u001b[1mdataconnect-debug.log\u001b[22m"}}
[debug] [2025-03-22T18:04:23.531Z] I0322 19:04:22.772062   19840 load.go:37] Reloading schema and connectors...
E0322 19:04:22.777311   19840 load.go:69] Could not generate extensions: rpc error: code = NotFound desc = no schema found for service "eazyletsproject". No service has a schema.
E0322 19:04:22.777311   19840 load.go:79] Could not load sources: <nil>
I0322 19:04:22.779311   19840 collector.go:107] schema extensions wrote into "c:\\DUMP\\Projects\\EazyLetsProject\\dataconnect\\.dataconnect\\schema"
Generated sources: prelude.gql [67020B] 
I0322 19:04:22.779311   19840 load.go:80] Finished reloading
I0322 19:04:22.814820   19840 dev.go:95] Listening on address (HTTP + gRPC): 127.0.0.1:50001
 {"metadata":{"emulator":{"name":"dataconnect"},"message":"I0322 19:04:22.772062   19840 load.go:37] Reloading schema and connectors...\nE0322 19:04:22.777311   19840 load.go:69] Could not generate extensions: rpc error: code = NotFound desc = no schema found for service \"eazyletsproject\". No service has a schema.\nE0322 19:04:22.777311   19840 load.go:79] Could not load sources: <nil>\nI0322 19:04:22.779311   19840 collector.go:107] schema extensions wrote into \"c:\\\\DUMP\\\\Projects\\\\EazyLetsProject\\\\dataconnect\\\\.dataconnect\\\\schema\"\nGenerated sources: prelude.gql [67020B] \nI0322 19:04:22.779311   19840 load.go:80] Finished reloading\nI0322 19:04:22.814820   19840 dev.go:95] Listening on address (HTTP + gRPC): 127.0.0.1:50001\n"}}
[error] [Firebase Plugin] error:  {}
[info] [Firebase Plugin] Stopping Data Connect toolkit
[warn] !  Data Connect Emulator has exited upon receiving signal: SIGINT 
[debug] [2025-03-22T19:24:09.134Z] [Firebase Plugin] Activating Firebase extension.
[debug] [2025-03-22T19:24:15.182Z] [Firebase Plugin] VSCode notification server listening on port 40001
[info] [Firebase Plugin] Stopping Data Connect toolkit
[debug] [2025-03-22T19:24:32.114Z] [Firebase Plugin] Activating Firebase extension.
[debug] [2025-03-22T19:24:36.035Z] [Firebase Plugin] VSCode notification server listening on port 40001
[info] [Firebase Plugin] Starting Data Connect toolkit (version 1.8.5) on port 50001
[debug] [2025-03-22T19:24:46.984Z] Ignoring unsupported arg: auto_download {"metadata":{"emulator":{"name":"dataconnect"},"message":"Ignoring unsupported arg: auto_download"}}
[debug] [2025-03-22T19:24:46.984Z] Ignoring unsupported arg: port {"metadata":{"emulator":{"name":"dataconnect"},"message":"Ignoring unsupported arg: port"}}
[debug] [2025-03-22T19:24:46.985Z] Starting Data Connect Emulator with command {"binary":"C:\\Users\\KefoxNwoko-RTNG\\.cache\\firebase\\emulators\\dataconnect-emulator-1.8.5.exe","args":["--logtostderr","-v=2","dev","--listen=localhost:50001","--config_dir=c:\\DUMP\\Projects\\EazyLetsProject\\dataconnect","--enable_output_schema_extensions=true","--enable_output_generated_sdk=true"],"optionalArgs":["listen","config_dir","enable_output_schema_extensions","enable_output_generated_sdk"],"joinArgs":true,"shell":false,"port":9399} {"metadata":{"emulator":{"name":"dataconnect"},"message":"Starting Data Connect Emulator with command {\"binary\":\"C:\\\\Users\\\\KefoxNwoko-RTNG\\\\.cache\\\\firebase\\\\emulators\\\\dataconnect-emulator-1.8.5.exe\",\"args\":[\"--logtostderr\",\"-v=2\",\"dev\",\"--listen=localhost:50001\",\"--config_dir=c:\\\\DUMP\\\\Projects\\\\EazyLetsProject\\\\dataconnect\",\"--enable_output_schema_extensions=true\",\"--enable_output_generated_sdk=true\"],\"optionalArgs\":[\"listen\",\"config_dir\",\"enable_output_schema_extensions\",\"enable_output_generated_sdk\"],\"joinArgs\":true,\"shell\":false,\"port\":9399}"}}
[info] i  dataconnect: Data Connect Emulator logging to dataconnect-debug.log {"metadata":{"emulator":{"name":"dataconnect"},"message":"Data Connect Emulator logging to \u001b[1mdataconnect-debug.log\u001b[22m"}}
[debug] [2025-03-22T19:24:47.271Z] I0322 20:24:47.079418    4544 load.go:37] Reloading schema and connectors...
E0322 20:24:47.082761    4544 load.go:69] Could not generate extensions: rpc error: code = NotFound desc = no schema found for service "eazyletsproject". No service has a schema.
E0322 20:24:47.082761    4544 load.go:79] Could not load sources: <nil>
I0322 20:24:47.084407    4544 collector.go:107] schema extensions wrote into "c:\\DUMP\\Projects\\EazyLetsProject\\dataconnect\\.dataconnect\\schema"
Generated sources: prelude.gql [67020B] 
I0322 20:24:47.084407    4544 load.go:80] Finished reloading
I0322 20:24:47.114651    4544 dev.go:95] Listening on address (HTTP + gRPC): 127.0.0.1:50001
 {"metadata":{"emulator":{"name":"dataconnect"},"message":"I0322 20:24:47.079418    4544 load.go:37] Reloading schema and connectors...\nE0322 20:24:47.082761    4544 load.go:69] Could not generate extensions: rpc error: code = NotFound desc = no schema found for service \"eazyletsproject\". No service has a schema.\nE0322 20:24:47.082761    4544 load.go:79] Could not load sources: <nil>\nI0322 20:24:47.084407    4544 collector.go:107] schema extensions wrote into \"c:\\\\DUMP\\\\Projects\\\\EazyLetsProject\\\\dataconnect\\\\.dataconnect\\\\schema\"\nGenerated sources: prelude.gql [67020B] \nI0322 20:24:47.084407    4544 load.go:80] Finished reloading\nI0322 20:24:47.114651    4544 dev.go:95] Listening on address (HTTP + gRPC): 127.0.0.1:50001\n"}}
[error] [Firebase Plugin] error:  {}
[info] [Firebase Plugin] Stopping Data Connect toolkit
[warn] !  Data Connect Emulator has exited upon receiving signal: SIGINT 
[debug] [2025-03-23T09:38:48.352Z] [Firebase Plugin] Activating Firebase extension.
[debug] [2025-03-23T09:38:50.300Z] [Firebase Plugin] VSCode notification server listening on port 40001
[info] [Firebase Plugin] Starting Data Connect toolkit (version 1.8.5) on port 50001
[debug] [2025-03-23T09:38:58.872Z] Ignoring unsupported arg: auto_download {"metadata":{"emulator":{"name":"dataconnect"},"message":"Ignoring unsupported arg: auto_download"}}
[debug] [2025-03-23T09:38:58.872Z] Ignoring unsupported arg: port {"metadata":{"emulator":{"name":"dataconnect"},"message":"Ignoring unsupported arg: port"}}
[debug] [2025-03-23T09:38:58.873Z] Starting Data Connect Emulator with command {"binary":"C:\\Users\\KefoxNwoko-RTNG\\.cache\\firebase\\emulators\\dataconnect-emulator-1.8.5.exe","args":["--logtostderr","-v=2","dev","--listen=localhost:50001","--config_dir=c:\\DUMP\\Projects\\EazyLetsProject\\dataconnect","--enable_output_schema_extensions=true","--enable_output_generated_sdk=true"],"optionalArgs":["listen","config_dir","enable_output_schema_extensions","enable_output_generated_sdk"],"joinArgs":true,"shell":false,"port":9399} {"metadata":{"emulator":{"name":"dataconnect"},"message":"Starting Data Connect Emulator with command {\"binary\":\"C:\\\\Users\\\\KefoxNwoko-RTNG\\\\.cache\\\\firebase\\\\emulators\\\\dataconnect-emulator-1.8.5.exe\",\"args\":[\"--logtostderr\",\"-v=2\",\"dev\",\"--listen=localhost:50001\",\"--config_dir=c:\\\\DUMP\\\\Projects\\\\EazyLetsProject\\\\dataconnect\",\"--enable_output_schema_extensions=true\",\"--enable_output_generated_sdk=true\"],\"optionalArgs\":[\"listen\",\"config_dir\",\"enable_output_schema_extensions\",\"enable_output_generated_sdk\"],\"joinArgs\":true,\"shell\":false,\"port\":9399}"}}
[info] i  dataconnect: Data Connect Emulator logging to dataconnect-debug.log {"metadata":{"emulator":{"name":"dataconnect"},"message":"Data Connect Emulator logging to \u001b[1mdataconnect-debug.log\u001b[22m"}}
[debug] [2025-03-23T09:38:59.074Z] I0323 10:38:58.978937    4224 load.go:37] Reloading schema and connectors...
E0323 10:38:58.983167    4224 load.go:69] Could not generate extensions: rpc error: code = NotFound desc = no schema found for service "eazyletsproject". No service has a schema.
E0323 10:38:58.983167    4224 load.go:79] Could not load sources: <nil>
I0323 10:38:58.984222    4224 collector.go:107] schema extensions wrote into "c:\\DUMP\\Projects\\EazyLetsProject\\dataconnect\\.dataconnect\\schema"
Generated sources: prelude.gql [67020B] 
I0323 10:38:58.984743    4224 load.go:80] Finished reloading
I0323 10:38:59.042441    4224 dev.go:95] Listening on address (HTTP + gRPC): 127.0.0.1:50001
 {"metadata":{"emulator":{"name":"dataconnect"},"message":"I0323 10:38:58.978937    4224 load.go:37] Reloading schema and connectors...\nE0323 10:38:58.983167    4224 load.go:69] Could not generate extensions: rpc error: code = NotFound desc = no schema found for service \"eazyletsproject\". No service has a schema.\nE0323 10:38:58.983167    4224 load.go:79] Could not load sources: <nil>\nI0323 10:38:58.984222    4224 collector.go:107] schema extensions wrote into \"c:\\\\DUMP\\\\Projects\\\\EazyLetsProject\\\\dataconnect\\\\.dataconnect\\\\schema\"\nGenerated sources: prelude.gql [67020B] \nI0323 10:38:58.984743    4224 load.go:80] Finished reloading\nI0323 10:38:59.042441    4224 dev.go:95] Listening on address (HTTP + gRPC): 127.0.0.1:50001\n"}}
[error] [Firebase Plugin] error:  {}
[info] [Firebase Plugin] Stopping Data Connect toolkit
[warn] !  Data Connect Emulator has exited upon receiving signal: SIGINT 
[debug] [2025-03-23T09:39:37.727Z] [Firebase Plugin] Activating Firebase extension.
[debug] [2025-03-23T09:39:39.271Z] [Firebase Plugin] VSCode notification server listening on port 40001
[info] [Firebase Plugin] Starting Data Connect toolkit (version 1.8.5) on port 50001
[debug] [2025-03-23T09:39:45.204Z] Ignoring unsupported arg: auto_download {"metadata":{"emulator":{"name":"dataconnect"},"message":"Ignoring unsupported arg: auto_download"}}
[debug] [2025-03-23T09:39:45.204Z] Ignoring unsupported arg: port {"metadata":{"emulator":{"name":"dataconnect"},"message":"Ignoring unsupported arg: port"}}
[debug] [2025-03-23T09:39:45.205Z] Starting Data Connect Emulator with command {"binary":"C:\\Users\\KefoxNwoko-RTNG\\.cache\\firebase\\emulators\\dataconnect-emulator-1.8.5.exe","args":["--logtostderr","-v=2","dev","--listen=localhost:50001","--config_dir=c:\\DUMP\\Projects\\EazyLetsProject\\dataconnect","--enable_output_schema_extensions=true","--enable_output_generated_sdk=true"],"optionalArgs":["listen","config_dir","enable_output_schema_extensions","enable_output_generated_sdk"],"joinArgs":true,"shell":false,"port":9399} {"metadata":{"emulator":{"name":"dataconnect"},"message":"Starting Data Connect Emulator with command {\"binary\":\"C:\\\\Users\\\\KefoxNwoko-RTNG\\\\.cache\\\\firebase\\\\emulators\\\\dataconnect-emulator-1.8.5.exe\",\"args\":[\"--logtostderr\",\"-v=2\",\"dev\",\"--listen=localhost:50001\",\"--config_dir=c:\\\\DUMP\\\\Projects\\\\EazyLetsProject\\\\dataconnect\",\"--enable_output_schema_extensions=true\",\"--enable_output_generated_sdk=true\"],\"optionalArgs\":[\"listen\",\"config_dir\",\"enable_output_schema_extensions\",\"enable_output_generated_sdk\"],\"joinArgs\":true,\"shell\":false,\"port\":9399}"}}
[info] i  dataconnect: Data Connect Emulator logging to dataconnect-debug.log {"metadata":{"emulator":{"name":"dataconnect"},"message":"Data Connect Emulator logging to \u001b[1mdataconnect-debug.log\u001b[22m"}}
[debug] [2025-03-23T09:39:45.337Z] I0323 10:39:45.249694   20572 load.go:37] Reloading schema and connectors...
E0323 10:39:45.251980   20572 load.go:69] Could not generate extensions: rpc error: code = NotFound desc = no schema found for service "eazyletsproject". No service has a schema.
E0323 10:39:45.252508   20572 load.go:79] Could not load sources: <nil>
I0323 10:39:45.253040   20572 collector.go:107] schema extensions wrote into "c:\\DUMP\\Projects\\EazyLetsProject\\dataconnect\\.dataconnect\\schema"
Generated sources: prelude.gql [67020B] 
I0323 10:39:45.253040   20572 load.go:80] Finished reloading
I0323 10:39:45.275117   20572 dev.go:95] Listening on address (HTTP + gRPC): 127.0.0.1:50001
 {"metadata":{"emulator":{"name":"dataconnect"},"message":"I0323 10:39:45.249694   20572 load.go:37] Reloading schema and connectors...\nE0323 10:39:45.251980   20572 load.go:69] Could not generate extensions: rpc error: code = NotFound desc = no schema found for service \"eazyletsproject\". No service has a schema.\nE0323 10:39:45.252508   20572 load.go:79] Could not load sources: <nil>\nI0323 10:39:45.253040   20572 collector.go:107] schema extensions wrote into \"c:\\\\DUMP\\\\Projects\\\\EazyLetsProject\\\\dataconnect\\\\.dataconnect\\\\schema\"\nGenerated sources: prelude.gql [67020B] \nI0323 10:39:45.253040   20572 load.go:80] Finished reloading\nI0323 10:39:45.275117   20572 dev.go:95] Listening on address (HTTP + gRPC): 127.0.0.1:50001\n"}}
[error] [Firebase Plugin] error:  {}
[info] [Firebase Plugin] Stopping Data Connect toolkit
[warn] !  Data Connect Emulator has exited upon receiving signal: SIGINT 
[debug] [2025-03-23T09:49:36.579Z] [Firebase Plugin] Activating Firebase extension.
[debug] [2025-03-23T09:49:38.310Z] [Firebase Plugin] VSCode notification server listening on port 40001
[info] [Firebase Plugin] Starting Data Connect toolkit (version 1.8.5) on port 50001
[debug] [2025-03-23T09:49:43.885Z] Ignoring unsupported arg: auto_download {"metadata":{"emulator":{"name":"dataconnect"},"message":"Ignoring unsupported arg: auto_download"}}
[debug] [2025-03-23T09:49:43.885Z] Ignoring unsupported arg: port {"metadata":{"emulator":{"name":"dataconnect"},"message":"Ignoring unsupported arg: port"}}
[debug] [2025-03-23T09:49:43.886Z] Starting Data Connect Emulator with command {"binary":"C:\\Users\\KefoxNwoko-RTNG\\.cache\\firebase\\emulators\\dataconnect-emulator-1.8.5.exe","args":["--logtostderr","-v=2","dev","--listen=localhost:50001","--config_dir=c:\\DUMP\\Projects\\EazyLetsProject\\dataconnect","--enable_output_schema_extensions=true","--enable_output_generated_sdk=true"],"optionalArgs":["listen","config_dir","enable_output_schema_extensions","enable_output_generated_sdk"],"joinArgs":true,"shell":false,"port":9399} {"metadata":{"emulator":{"name":"dataconnect"},"message":"Starting Data Connect Emulator with command {\"binary\":\"C:\\\\Users\\\\KefoxNwoko-RTNG\\\\.cache\\\\firebase\\\\emulators\\\\dataconnect-emulator-1.8.5.exe\",\"args\":[\"--logtostderr\",\"-v=2\",\"dev\",\"--listen=localhost:50001\",\"--config_dir=c:\\\\DUMP\\\\Projects\\\\EazyLetsProject\\\\dataconnect\",\"--enable_output_schema_extensions=true\",\"--enable_output_generated_sdk=true\"],\"optionalArgs\":[\"listen\",\"config_dir\",\"enable_output_schema_extensions\",\"enable_output_generated_sdk\"],\"joinArgs\":true,\"shell\":false,\"port\":9399}"}}
[info] i  dataconnect: Data Connect Emulator logging to dataconnect-debug.log {"metadata":{"emulator":{"name":"dataconnect"},"message":"Data Connect Emulator logging to \u001b[1mdataconnect-debug.log\u001b[22m"}}
[debug] [2025-03-23T09:49:44.425Z] I0323 10:49:43.930356   28884 load.go:37] Reloading schema and connectors...
E0323 10:49:43.932997   28884 load.go:69] Could not generate extensions: rpc error: code = NotFound desc = no schema found for service "eazyletsproject". No service has a schema.
E0323 10:49:43.932997   28884 load.go:79] Could not load sources: <nil>
I0323 10:49:43.933525   28884 collector.go:107] schema extensions wrote into "c:\\DUMP\\Projects\\EazyLetsProject\\dataconnect\\.dataconnect\\schema"
Generated sources: prelude.gql [67020B] 
I0323 10:49:43.933525   28884 load.go:80] Finished reloading
I0323 10:49:43.959789   28884 dev.go:95] Listening on address (HTTP + gRPC): 127.0.0.1:50001
 {"metadata":{"emulator":{"name":"dataconnect"},"message":"I0323 10:49:43.930356   28884 load.go:37] Reloading schema and connectors...\nE0323 10:49:43.932997   28884 load.go:69] Could not generate extensions: rpc error: code = NotFound desc = no schema found for service \"eazyletsproject\". No service has a schema.\nE0323 10:49:43.932997   28884 load.go:79] Could not load sources: <nil>\nI0323 10:49:43.933525   28884 collector.go:107] schema extensions wrote into \"c:\\\\DUMP\\\\Projects\\\\EazyLetsProject\\\\dataconnect\\\\.dataconnect\\\\schema\"\nGenerated sources: prelude.gql [67020B] \nI0323 10:49:43.933525   28884 load.go:80] Finished reloading\nI0323 10:49:43.959789   28884 dev.go:95] Listening on address (HTTP + gRPC): 127.0.0.1:50001\n"}}
[error] [Firebase Plugin] error:  {}
[info] [Firebase Plugin] Stopping Data Connect toolkit
[warn] !  Data Connect Emulator has exited upon receiving signal: SIGINT 
[debug] [2025-03-23T10:07:42.586Z] [Firebase Plugin] Activating Firebase extension.
[debug] [2025-03-23T10:07:44.721Z] [Firebase Plugin] VSCode notification server listening on port 40001
[info] [Firebase Plugin] Starting Data Connect toolkit (version 1.8.5) on port 50001
[debug] [2025-03-23T10:07:50.267Z] Ignoring unsupported arg: auto_download {"metadata":{"emulator":{"name":"dataconnect"},"message":"Ignoring unsupported arg: auto_download"}}
[debug] [2025-03-23T10:07:50.267Z] Ignoring unsupported arg: port {"metadata":{"emulator":{"name":"dataconnect"},"message":"Ignoring unsupported arg: port"}}
[debug] [2025-03-23T10:07:50.268Z] Starting Data Connect Emulator with command {"binary":"C:\\Users\\KefoxNwoko-RTNG\\.cache\\firebase\\emulators\\dataconnect-emulator-1.8.5.exe","args":["--logtostderr","-v=2","dev","--listen=localhost:50001","--config_dir=c:\\DUMP\\Projects\\EazyLetsProject\\dataconnect","--enable_output_schema_extensions=true","--enable_output_generated_sdk=true"],"optionalArgs":["listen","config_dir","enable_output_schema_extensions","enable_output_generated_sdk"],"joinArgs":true,"shell":false,"port":9399} {"metadata":{"emulator":{"name":"dataconnect"},"message":"Starting Data Connect Emulator with command {\"binary\":\"C:\\\\Users\\\\KefoxNwoko-RTNG\\\\.cache\\\\firebase\\\\emulators\\\\dataconnect-emulator-1.8.5.exe\",\"args\":[\"--logtostderr\",\"-v=2\",\"dev\",\"--listen=localhost:50001\",\"--config_dir=c:\\\\DUMP\\\\Projects\\\\EazyLetsProject\\\\dataconnect\",\"--enable_output_schema_extensions=true\",\"--enable_output_generated_sdk=true\"],\"optionalArgs\":[\"listen\",\"config_dir\",\"enable_output_schema_extensions\",\"enable_output_generated_sdk\"],\"joinArgs\":true,\"shell\":false,\"port\":9399}"}}
[info] i  dataconnect: Data Connect Emulator logging to dataconnect-debug.log {"metadata":{"emulator":{"name":"dataconnect"},"message":"Data Connect Emulator logging to \u001b[1mdataconnect-debug.log\u001b[22m"}}
[debug] [2025-03-23T10:07:50.462Z] I0323 11:07:50.309008    8024 load.go:37] Reloading schema and connectors...
E0323 11:07:50.311304    8024 load.go:69] Could not generate extensions: rpc error: code = NotFound desc = no schema found for service "eazyletsproject". No service has a schema.
E0323 11:07:50.311304    8024 load.go:79] Could not load sources: <nil>
I0323 11:07:50.312433    8024 collector.go:107] schema extensions wrote into "c:\\DUMP\\Projects\\EazyLetsProject\\dataconnect\\.dataconnect\\schema"
Generated sources: prelude.gql [67020B] 
I0323 11:07:50.312433    8024 load.go:80] Finished reloading
I0323 11:07:50.328155    8024 dev.go:95] Listening on address (HTTP + gRPC): 127.0.0.1:50001
 {"metadata":{"emulator":{"name":"dataconnect"},"message":"I0323 11:07:50.309008    8024 load.go:37] Reloading schema and connectors...\nE0323 11:07:50.311304    8024 load.go:69] Could not generate extensions: rpc error: code = NotFound desc = no schema found for service \"eazyletsproject\". No service has a schema.\nE0323 11:07:50.311304    8024 load.go:79] Could not load sources: <nil>\nI0323 11:07:50.312433    8024 collector.go:107] schema extensions wrote into \"c:\\\\DUMP\\\\Projects\\\\EazyLetsProject\\\\dataconnect\\\\.dataconnect\\\\schema\"\nGenerated sources: prelude.gql [67020B] \nI0323 11:07:50.312433    8024 load.go:80] Finished reloading\nI0323 11:07:50.328155    8024 dev.go:95] Listening on address (HTTP + gRPC): 127.0.0.1:50001\n"}}
[error] [Firebase Plugin] error:  {}
